  Скопировано файлов:         1.
  Скопировано файлов:         1.
  Скопировано файлов:         1.
  Скопировано файлов:         1.
  Скопировано файлов:         1.
  Скопировано файлов:         1.
  Подпапка или файл F:\visualka\triangle\x64\Release Dynamic\resources уже существует.
  F:\visualka\triangle\resources\ball.wav
  F:\visualka\triangle\resources\sansation.ttf
  Скопировано файлов:         2.
  main.cpp
f:\visualka\triangle\main.cpp(29): warning C4244: аргумент: преобразование "int" в "float", возможна потеря данных
f:\visualka\triangle\main.cpp(32): warning C4244: аргумент: преобразование "int" в "float", возможна потеря данных
f:\visualka\triangle\main.cpp(60): warning C4244: аргумент: преобразование "double" в "float", возможна потеря данных
  Создание кода
  1 of 4 functions (25.0%) were compiled, the rest were copied from previous compilation.
    0 functions were new in current compilation
    0 functions had inline decision re-evaluated but remain unchanged
  Создание кода завершено
  triangle.vcxproj -> F:\visualka\triangle\x64\Release Dynamic\triangle.exe
